[2023-04-10 11:17:57] [info] Start Program:
Path:"C:\Codes\university-projects\Semester 2 (1st year)\OOP\Assignments\A6\x64\Debug\A6.exe"
Arguments:
Working directory: "C:\Codes\university-projects\Semester 2 (1st year)\OOP\Assignments\A6\A6\"
Modules: Selected: C:\Codes\university-projects\Semester 2 (1st year)\OOP\Assignments\A6\x64\Debug\A6.exe Excluded: 
Sources: Selected: C:\Codes\university-projects\Semester 2 (1st year)\OOP\Assignments\a45\a45\a45 C:\Codes\university-projects\Semester 2 (1st year)\OOP\Assignments\A6\A6 Excluded: Ui.cpp 
Log Level: Normal
Cover Children: 0
Aggregate by file: 1
Continue after C++ exception: 0
Optimized build support: 0
Export: Binary C:\Users\gulin\AppData\Local\Temp\3h104uzs.v3z 
Input coverage: 
Unified diff: 
Excluded line regular expressions: 
Substitute pdb source paths: 

[2023-04-10 11:17:57] [info] Module: C:\Codes\university-projects\Semester 2 (1st year)\OOP\Assignments\A6\x64\Debug\A6.exe is selected because it matches selected pattern: C:\Codes\university-projects\Semester 2 (1st year)\OOP\Assignments\A6\x64\Debug\A6.exe
[2023-04-10 11:17:58] [info] ----------------------------------------------------
[2023-04-10 11:17:58] [info] Coverage binary generated in file: C:\Users\gulin\AppData\Local\Temp\3h104uzs.v3z
[2023-04-10 11:17:58] [info] ----------------------------------------------------
