[2023-04-05 09:52:58] [info] Start Program:
Path:"C:\Codes\university-projects\Semester 2 (1st year)\OOP\Assignments\a45\a45\x64\Debug\a45.exe"
Arguments:
Working directory: "C:\Codes\university-projects\Semester 2 (1st year)\OOP\Assignments\a45\a45\a45\"
Modules: Selected: C:\Codes\university-projects\Semester 2 (1st year)\OOP\Assignments\a45\a45\x64\Debug\a45.exe Excluded: 
Sources: Selected: C:\Codes\university-projects\Semester 2 (1st year)\OOP\Assignments\a45\a45\a45 Excluded: Ui.cpp 
Log Level: Normal
Cover Children: 0
Aggregate by file: 1
Continue after C++ exception: 0
Optimized build support: 0
Export: Binary C:\Users\gulin\AppData\Local\Temp\huonhjng.yi2 
Input coverage: 
Unified diff: 
Excluded line regular expressions: 
Substitute pdb source paths: 

[2023-04-05 09:52:58] [info] Module: C:\Codes\university-projects\Semester 2 (1st year)\OOP\Assignments\a45\a45\x64\Debug\a45.exe is selected because it matches selected pattern: C:\Codes\university-projects\Semester 2 (1st year)\OOP\Assignments\a45\a45\x64\Debug\a45.exe
[2023-04-05 09:52:59] [info] ----------------------------------------------------
[2023-04-05 09:52:59] [info] Coverage binary generated in file: C:\Users\gulin\AppData\Local\Temp\huonhjng.yi2
[2023-04-05 09:52:59] [info] ----------------------------------------------------
