  dynamicArray.c
C:\Codes\university-projects\Semester 2 (1st year)\OOP\Assignments\A23\a23\a23\dynamicArray.c(41,30): warning C4013: 'createArray' undefined; assuming extern returning int
C:\Codes\university-projects\Semester 2 (1st year)\OOP\Assignments\A23\a23\a23\dynamicArray.c(49,5): warning C4013: 'destroyArray' undefined; assuming extern returning int
C:\Codes\university-projects\Semester 2 (1st year)\OOP\Assignments\A23\a23\a23\dynamicArray.c(41,19): warning C4047: 'initializing': 'DynamicArray *' differs in levels of indirection from 'int'
C:\Codes\university-projects\Semester 2 (1st year)\OOP\Assignments\A23\a23\a23\dynamicArray.c(67,52): error C2065: 'elementToBeAdded': undeclared identifier
C:\Codes\university-projects\Semester 2 (1st year)\OOP\Assignments\A23\a23\a23\dynamicArray.c(67,52): warning C4047: '=': 'TElem' differs in levels of indirection from 'int'
  main.c
C:\Codes\university-projects\Semester 2 (1st year)\OOP\Assignments\A23\a23\a23\main.c(9,5): warning C4013: 'testAll' undefined; assuming extern returning int
C:\Codes\university-projects\Semester 2 (1st year)\OOP\Assignments\A23\a23\a23\main.c(17,14): warning C4013: 'createUI' undefined; assuming extern returning int
C:\Codes\university-projects\Semester 2 (1st year)\OOP\Assignments\A23\a23\a23\main.c(21,5): warning C4013: 'destroyUI' undefined; assuming extern returning int
C:\Codes\university-projects\Semester 2 (1st year)\OOP\Assignments\A23\a23\a23\main.c(17,9): warning C4047: 'initializing': 'Ui *' differs in levels of indirection from 'int'
  repository.c
  service.c
  test.c
C:\Codes\university-projects\Semester 2 (1st year)\OOP\Assignments\A23\a23\a23\test.c(49,2): warning C4013: 'getSize' undefined; assuming extern returning int
C:\Codes\university-projects\Semester 2 (1st year)\OOP\Assignments\A23\a23\a23\test.c(53,43): warning C4047: 'function': 'char *' differs in levels of indirection from 'const char'
C:\Codes\university-projects\Semester 2 (1st year)\OOP\Assignments\A23\a23\a23\test.c(53,25): warning C4024: 'deleteRepository': different types for formal and actual parameter 2
C:\Codes\university-projects\Semester 2 (1st year)\OOP\Assignments\A23\a23\a23\test.c(73,2): warning C4013: 'addToService' undefined; assuming extern returning int
C:\Codes\university-projects\Semester 2 (1st year)\OOP\Assignments\A23\a23\a23\test.c(81,2): warning C4013: 'deleteFromService' undefined; assuming extern returning int
C:\Codes\university-projects\Semester 2 (1st year)\OOP\Assignments\A23\a23\a23\test.c(87,2): warning C4013: 'updateInService' undefined; assuming extern returning int
  ui.c
C:\Codes\university-projects\Semester 2 (1st year)\OOP\Assignments\A23\a23\a23\ui.c(42,9): error C4996: 'scanf': This function or variable may be unsafe. Consider using scanf_s instead. To disable deprecation, use _CRT_SECURE_NO_WARNINGS. See online help for details.
C:\Codes\university-projects\Semester 2 (1st year)\OOP\Assignments\A23\a23\a23\ui.c(60,5): error C4996: 'scanf': This function or variable may be unsafe. Consider using scanf_s instead. To disable deprecation, use _CRT_SECURE_NO_WARNINGS. See online help for details.
C:\Codes\university-projects\Semester 2 (1st year)\OOP\Assignments\A23\a23\a23\ui.c(67,9): error C4996: 'scanf': This function or variable may be unsafe. Consider using scanf_s instead. To disable deprecation, use _CRT_SECURE_NO_WARNINGS. See online help for details.
C:\Codes\university-projects\Semester 2 (1st year)\OOP\Assignments\A23\a23\a23\ui.c(83,9): error C4996: 'scanf': This function or variable may be unsafe. Consider using scanf_s instead. To disable deprecation, use _CRT_SECURE_NO_WARNINGS. See online help for details.
C:\Codes\university-projects\Semester 2 (1st year)\OOP\Assignments\A23\a23\a23\ui.c(99,9): error C4996: 'scanf': This function or variable may be unsafe. Consider using scanf_s instead. To disable deprecation, use _CRT_SECURE_NO_WARNINGS. See online help for details.
C:\Codes\university-projects\Semester 2 (1st year)\OOP\Assignments\A23\a23\a23\ui.c(118,5): warning C4013: 'addToService' undefined; assuming extern returning int
C:\Codes\university-projects\Semester 2 (1st year)\OOP\Assignments\A23\a23\a23\ui.c(127,5): warning C4013: 'deleteFromService' undefined; assuming extern returning int
C:\Codes\university-projects\Semester 2 (1st year)\OOP\Assignments\A23\a23\a23\ui.c(138,5): warning C4013: 'updateInService' undefined; assuming extern returning int
C:\Codes\university-projects\Semester 2 (1st year)\OOP\Assignments\A23\a23\a23\ui.c(145,30): warning C4013: 'getSize' undefined; assuming extern returning int
C:\Codes\university-projects\Semester 2 (1st year)\OOP\Assignments\A23\a23\a23\ui.c(157,13): warning C4013: 'strstr' undefined; assuming extern returning int
C:\Codes\university-projects\Semester 2 (1st year)\OOP\Assignments\A23\a23\a23\ui.c(153,5): error C4996: 'scanf': This function or variable may be unsafe. Consider using scanf_s instead. To disable deprecation, use _CRT_SECURE_NO_WARNINGS. See online help for details.
C:\Codes\university-projects\Semester 2 (1st year)\OOP\Assignments\A23\a23\a23\ui.c(165,5): error C4996: 'scanf': This function or variable may be unsafe. Consider using scanf_s instead. To disable deprecation, use _CRT_SECURE_NO_WARNINGS. See online help for details.
C:\Codes\university-projects\Semester 2 (1st year)\OOP\Assignments\A23\a23\a23\ui.c(201,23): warning C4013: 'undoOperation' undefined; assuming extern returning int
C:\Codes\university-projects\Semester 2 (1st year)\OOP\Assignments\A23\a23\a23\ui.c(207,23): warning C4013: 'redoOperation' undefined; assuming extern returning int
  undoRedo.c
  Generating Code...
