     1                                  bits 32 ; assembling for the 32 bits architecture
     2                                  
     3                                  ; declare the EntryPoint (a label defining the very first instruction of the program)
     4                                  global start        
     5                                  
     6                                  ; declare external functions needed by our program
     7                                  extern exit               ; tell nasm that exit exists even if we won't be defining it
     8                                  import exit msvcrt.dll    ; exit is a function that ends the calling process. It is defined in msvcrt.dll
     9                                                            ; msvcrt.dll contains exit, printf and all the other important C-runtime specific functions
    10                                  
    11                                  ; our data is declared here (the variables needed by our program)
    12                                  segment data use32 class=data
    13                                   
    14                                  
    15                                  ; our code starts here
    16                                  segment code use32 class=code
    17                                      start:
    18                                          ;256*1
    19 00000000 66BA0000                        mov DX,0
    20 00000004 66B80100                        mov AX,1
    21 00000008 66BB0001                        mov BX,256
    22 0000000C 66F7E3                          mul BX ; DX:AX has the final result
    23                                      
    24                                          ; exit(0)
    25 0000000F 6A00                            push    dword 0      ; push the parameter for exit onto the stack
    26 00000011 FF15[00000000]                  call    [exit]       ; call exit to terminate the program
