     1                                  bits 32 ; assembling for the 32 bits architecture
     2                                  
     3                                  ; declare the EntryPoint (a label defining the very first instruction of the program)
     4                                  global start        
     5                                  
     6                                  ; declare external functions needed by our program
     7                                  extern exit, fopen, fprintf, fclose, fwrite               ; tell nasm that exit exists even if we won't be defining it
     8                                  import exit msvcrt.dll    ; exit is a function that ends the calling process. It is defined in msvcrt.dll
     9                                                            ; msvcrt.dll contains exit, printf and all the other important C-runtime specific functions
    10                                  import fopen msvcrt.dll
    11                                  import fprintf msvcrt.dll
    12                                  import fclose msvcrt.dll
    13                                  import fwrite msvcrt.dll
    14                                  ; our data is declared here (the variables needed by our program)
    15                                  segment data use32 class=data
    16                                      ; ...
    17 00000000 73756369755F74655F-         file_name db 'suciu_te_iubesc_mult.txt', 0
    17 00000009 6975626573635F6D75-
    17 00000012 6C742E74787400     
    18 00000019 7700                        access_mode db 'w', 0
    19 0000001B 4D696E7400                  text db 'Mint', 0   
    20 00000020 <res 00000004>              file_descriptor resd 1
    21 00000024 257300                      format db '%s', 0
    22                                  ; our code starts here
    23                                  segment code use32 class=code
    24                                      start:
    25 00000000 68[19000000]                    push dword access_mode
    26 00000005 68[00000000]                    push dword file_name
    27 0000000A FF15[00000000]                  call [fopen]
    28 00000010 83C408                          add esp, 4*2
    29                                          
    30 00000013 A3[20000000]                    mov [file_descriptor], eax
    31                                          
    32 00000018 68[1B000000]                    push dword text
    33 0000001D 68[24000000]                    push dword format
    34 00000022 FF35[20000000]                  push dword [file_descriptor]
    35 00000028 FF15[00000000]                  call [fprintf]
    36 0000002E 83C40C                          add esp, 4*3
    37                                          
    38 00000031 FF35[20000000]                  push dword [file_descriptor]
    39 00000037 FF15[00000000]                  call [fclose]
    40 0000003D 83C404                          add esp, 4*1
    41                                          ; exit(0)
    42 00000040 6A00                            push    dword 0      ; push the parameter for exit onto the stack
    43 00000042 FF15[00000000]                  call    [exit]       ; call exit to terminate the program
